Rufus x64 v4.1.2045 (Portable)
Windows version: Windows 10 (Unknown Edition 0xBC) x64 (Build 19045.3324)
Syslinux versions: 4.07/2013-07-25, 6.04/pre1
Grub versions: 0.4.6a, 2.06
System locale ID: 0x0409 (en-US)
Will use default UI locale 0x0409
SetLGP: Successfully set NoDriveTypeAutorun policy to 0x0000009E
Localization set to 'en-US'
Notice: The ISO download feature has been deactivated because 'Check for updates' is disabled in your settings.
Found USB 2.0 device 'Kingston DataTraveler 2.0 USB Device' (0930:6545)
1 device found
Disk type: Removable, Disk size: 7.8GB, Sector size: 512 bytes
Cylinders: 949, Tracks per cylinder: 255, Sectors per track: 63
Partition type: GPT, NB Partitions: 1
Disk GUID: {189C7D34-C21C-4440-BD95-25C20C3E9C77}
Max parts: 128, Start Offset: 17408, Usable = 7807367680 bytes
Partition 1:
  Type: Microsoft Basic Data Partition
  Name: 'Basic data partition'
  Detected File System: NTFS
  ID: {645391A7-2766-4DF4-9391-5E4CA971CD18}
  Size: 7.3 GB (7805599744 bytes)
  Start Sector: 2048, Attributes: 0x0000000000000000
Scanning image...
ISO analysis:
  Image is a UDF image
Disk image analysis:
  Image does not have a Boot Marker
ISO label: 'CES_X64FREO_EN-US_DV9'
  Detected: Windows 10 ISO (Build 19041.1288)
  Size: 4.5 GB (Projected)
  Uses: EFI
  Uses: Bootmgr (BIOS and UEFI)
  Uses: Install.wim (version 0.13.1)
Using image: en-us_windows_10_iot_enterprise_ltsc_2021_x64_dvd_257ad90f.iso (4.5 GB)
Checking for Rufus updates...
Checking release channel...
New release version found!
Downloading https://github.com/pbatard/rufus/releases/download/v4.2/rufus-4.2.exe
File length: 1.4 MB
Successfully downloaded 'rufus-4.2.exe'
Download signature is valid ✓
